app/build/intermediates/manifest_merge_blame_file/release/manifest-merger-blame-release-report.txt
1<?xml version="1.0" encoding="utf-8"?>
2<manifest xmlns:android="http://schemas.android.com/apk/res/android"
3    package="com.careline.webtoapk"
4    android:versionCode="1"
5    android:versionName="1.0" >
6
7    <uses-sdk
8        android:minSdkVersion="24"
8-->src/main/AndroidManifest.xml
9        android:targetSdkVersion="33" />
9-->src/main/AndroidManifest.xml
10
11    <uses-permission android:name="android.permission.INTERNET" />
11-->src/main/AndroidManifest.xml:4:5-67
11-->src/main/AndroidManifest.xml:4:22-64
12    <uses-permission android:name="android.permission.ACCESS_NETWORK_STATE" />
12-->src/main/AndroidManifest.xml:5:5-79
12-->src/main/AndroidManifest.xml:5:22-76
13    <uses-permission android:name="android.permission.READ_EXTERNAL_STORAGE" />
13-->src/main/AndroidManifest.xml:6:5-80
13-->src/main/AndroidManifest.xml:6:22-77
14    <uses-permission android:name="android.permission.WRITE_EXTERNAL_STORAGE" />
14-->src/main/AndroidManifest.xml:7:5-81
14-->src/main/AndroidManifest.xml:7:22-78
15    <uses-permission android:name="android.permission.POST_NOTIFICATIONS" />
15-->src/main/AndroidManifest.xml:8:5-76
15-->src/main/AndroidManifest.xml:8:22-74
16    <uses-permission android:name="android.permission.FOREGROUND_SERVICE" />
16-->src/main/AndroidManifest.xml:9:5-77
16-->src/main/AndroidManifest.xml:9:22-74
17
18    <permission
18-->[androidx.core:core:1.9.0] AndroidManifest.xml:22:5-24:47
19        android:name="com.careline.webtoapk.DYNAMIC_RECEIVER_NOT_EXPORTED_PERMISSION"
19-->[androidx.core:core:1.9.0] AndroidManifest.xml:23:9-81
20        android:protectionLevel="signature" />
20-->[androidx.core:core:1.9.0] AndroidManifest.xml:24:9-44
21
22    <uses-permission android:name="com.careline.webtoapk.DYNAMIC_RECEIVER_NOT_EXPORTED_PERMISSION" />
22-->[androidx.core:core:1.9.0] AndroidManifest.xml:26:5-97
22-->[androidx.core:core:1.9.0] AndroidManifest.xml:26:22-94
23    <uses-permission android:name="android.permission.WAKE_LOCK" />
23-->[org.unifiedpush.android:connector:3.0.10] AndroidManifest.xml:8:5-68
23-->[org.unifiedpush.android:connector:3.0.10] AndroidManifest.xml:8:22-65
24
25    <queries>
25-->[org.unifiedpush.android:connector:3.0.10] AndroidManifest.xml:10:5-20:15
26        <intent>
26-->[org.unifiedpush.android:connector:3.0.10] AndroidManifest.xml:11:9-13:18
27            <action android:name="org.unifiedpush.android.distributor.LINK" />
27-->[org.unifiedpush.android:connector:3.0.10] AndroidManifest.xml:12:13-79
27-->[org.unifiedpush.android:connector:3.0.10] AndroidManifest.xml:12:21-76
28        </intent>
29        <intent>
29-->[org.unifiedpush.android:connector:3.0.10] AndroidManifest.xml:14:9-16:18
30            <action android:name="org.unifiedpush.android.distributor.REGISTER" />
30-->[org.unifiedpush.android:connector:3.0.10] AndroidManifest.xml:15:13-83
30-->[org.unifiedpush.android:connector:3.0.10] AndroidManifest.xml:15:21-80
31        </intent>
32        <intent>
32-->[org.unifiedpush.android:connector:3.0.10] AndroidManifest.xml:17:9-19:18
33            <action android:name="org.unifiedpush.android.distributor.UNREGISTER" />
33-->[org.unifiedpush.android:connector:3.0.10] AndroidManifest.xml:18:13-85
33-->[org.unifiedpush.android:connector:3.0.10] AndroidManifest.xml:18:21-82
34        </intent>
35    </queries>
36
37    <application
37-->src/main/AndroidManifest.xml:11:5-48:19
38        android:allowBackup="true"
38-->src/main/AndroidManifest.xml:12:9-35
39        android:appComponentFactory="androidx.core.app.CoreComponentFactory"
39-->[androidx.core:core:1.9.0] AndroidManifest.xml:28:18-86
40        android:extractNativeLibs="false"
41        android:icon="@mipmap/ic_launcher"
41-->src/main/AndroidManifest.xml:13:9-43
42        android:label="@string/app_name"
42-->src/main/AndroidManifest.xml:14:9-41
43        android:supportsRtl="true"
43-->src/main/AndroidManifest.xml:15:9-35
44        android:theme="@style/AppTheme.NoTitleBar"
44-->src/main/AndroidManifest.xml:16:9-51
45        android:usesCleartextTraffic="true" >
45-->src/main/AndroidManifest.xml:17:9-44
46        <activity
46-->src/main/AndroidManifest.xml:19:9-36:20
47            android:name="com.careline.webtoapk.MainActivity"
47-->src/main/AndroidManifest.xml:20:13-41
48            android:configChanges="uiMode|orientation|screenSize|keyboard|keyboardHidden"
48-->src/main/AndroidManifest.xml:23:13-90
49            android:exported="true"
49-->src/main/AndroidManifest.xml:21:13-36
50            android:launchMode="singleTop" >
50-->src/main/AndroidManifest.xml:22:13-43
51            <intent-filter>
51-->src/main/AndroidManifest.xml:24:13-27:29
52                <action android:name="android.intent.action.MAIN" />
52-->src/main/AndroidManifest.xml:25:17-69
52-->src/main/AndroidManifest.xml:25:25-66
53
54                <category android:name="android.intent.category.LAUNCHER" />
54-->src/main/AndroidManifest.xml:26:17-77
54-->src/main/AndroidManifest.xml:26:27-74
55            </intent-filter>
56            <intent-filter>
56-->src/main/AndroidManifest.xml:28:13-35:29
57                <action android:name="android.intent.action.VIEW" />
57-->src/main/AndroidManifest.xml:29:17-69
57-->src/main/AndroidManifest.xml:29:25-66
58
59                <category android:name="android.intent.category.DEFAULT" />
59-->src/main/AndroidManifest.xml:30:17-76
59-->src/main/AndroidManifest.xml:30:27-73
60                <category android:name="android.intent.category.BROWSABLE" />
60-->src/main/AndroidManifest.xml:31:17-78
60-->src/main/AndroidManifest.xml:31:27-75
61
62                <data android:scheme="http" />
62-->src/main/AndroidManifest.xml:32:17-47
62-->src/main/AndroidManifest.xml:32:23-44
63                <data android:scheme="https" />
63-->src/main/AndroidManifest.xml:32:17-47
63-->src/main/AndroidManifest.xml:32:23-44
64                <data android:host="careline.com" />
64-->src/main/AndroidManifest.xml:32:17-47
64-->src/main/AndroidManifest.xml:34:23-50
65            </intent-filter>
66        </activity>
67
68        <service
68-->src/main/AndroidManifest.xml:38:9-43:19
69            android:name="com.careline.webtoapk.PushServiceImpl"
69-->src/main/AndroidManifest.xml:38:18-49
70            android:exported="false" >
70-->src/main/AndroidManifest.xml:39:13-37
71            <intent-filter>
71-->src/main/AndroidManifest.xml:40:13-42:29
72                <action android:name="org.unifiedpush.android.connector.PUSH_EVENT" />
72-->src/main/AndroidManifest.xml:41:17-86
72-->src/main/AndroidManifest.xml:41:25-84
73            </intent-filter>
74        </service>
75        <service
75-->src/main/AndroidManifest.xml:44:9-47:61
76            android:name="com.careline.webtoapk.MediaPlaybackService"
76-->src/main/AndroidManifest.xml:45:13-49
77            android:exported="false"
77-->src/main/AndroidManifest.xml:46:13-37
78            android:foregroundServiceType="mediaPlayback" />
78-->src/main/AndroidManifest.xml:47:13-58
79
80        <provider
80-->[androidx.emoji2:emoji2:1.2.0] AndroidManifest.xml:24:9-32:20
81            android:name="androidx.startup.InitializationProvider"
81-->[androidx.emoji2:emoji2:1.2.0] AndroidManifest.xml:25:13-67
82            android:authorities="com.careline.webtoapk.androidx-startup"
82-->[androidx.emoji2:emoji2:1.2.0] AndroidManifest.xml:26:13-68
83            android:exported="false" >
83-->[androidx.emoji2:emoji2:1.2.0] AndroidManifest.xml:27:13-37
84            <meta-data
84-->[androidx.emoji2:emoji2:1.2.0] AndroidManifest.xml:29:13-31:52
85                android:name="androidx.emoji2.text.EmojiCompatInitializer"
85-->[androidx.emoji2:emoji2:1.2.0] AndroidManifest.xml:30:17-75
86                android:value="androidx.startup" />
86-->[androidx.emoji2:emoji2:1.2.0] AndroidManifest.xml:31:17-49
87            <meta-data
87-->[androidx.lifecycle:lifecycle-process:2.4.1] AndroidManifest.xml:31:13-33:52
88                android:name="androidx.lifecycle.ProcessLifecycleInitializer"
88-->[androidx.lifecycle:lifecycle-process:2.4.1] AndroidManifest.xml:32:17-78
89                android:value="androidx.startup" />
89-->[androidx.lifecycle:lifecycle-process:2.4.1] AndroidManifest.xml:33:17-49
90        </provider>
91
92        <service
92-->[org.unifiedpush.android:connector:3.0.10] AndroidManifest.xml:23:9-30:19
93            android:name="org.unifiedpush.android.connector.internal.RaiseToForegroundService"
93-->[org.unifiedpush.android:connector:3.0.10] AndroidManifest.xml:24:13-95
94            android:exported="true" >
94-->[org.unifiedpush.android:connector:3.0.10] AndroidManifest.xml:25:13-36
95            <intent-filter>
95-->[org.unifiedpush.android:connector:3.0.10] AndroidManifest.xml:27:13-29:29
96                <action android:name="org.unifiedpush.android.connector.RAISE_TO_FOREGROUND" />
96-->[org.unifiedpush.android:connector:3.0.10] AndroidManifest.xml:28:17-96
96-->[org.unifiedpush.android:connector:3.0.10] AndroidManifest.xml:28:25-93
97            </intent-filter>
98        </service>
99
100        <activity
100-->[org.unifiedpush.android:connector:3.0.10] AndroidManifest.xml:32:9-34:86
101            android:name="org.unifiedpush.android.connector.internal.LinkActivity"
101-->[org.unifiedpush.android:connector:3.0.10] AndroidManifest.xml:33:13-83
102            android:theme="@android:style/Theme.Translucent.NoTitleBar.Fullscreen" />
102-->[org.unifiedpush.android:connector:3.0.10] AndroidManifest.xml:34:13-83
103
104        <receiver
104-->[org.unifiedpush.android:connector:3.0.10] AndroidManifest.xml:36:9-47:20
105            android:name="org.unifiedpush.android.connector.internal.MessagingReceiverImpl"
105-->[org.unifiedpush.android:connector:3.0.10] AndroidManifest.xml:37:13-92
106            android:enabled="true"
106-->[org.unifiedpush.android:connector:3.0.10] AndroidManifest.xml:38:13-35
107            android:exported="true" >
107-->[org.unifiedpush.android:connector:3.0.10] AndroidManifest.xml:39:13-36
108            <intent-filter android:priority="-500" >
108-->[org.unifiedpush.android:connector:3.0.10] AndroidManifest.xml:41:13-46:29
108-->[org.unifiedpush.android:connector:3.0.10] AndroidManifest.xml:41:28-51
109                <action android:name="org.unifiedpush.android.connector.MESSAGE" />
109-->[org.unifiedpush.android:connector:3.0.10] AndroidManifest.xml:42:17-84
109-->[org.unifiedpush.android:connector:3.0.10] AndroidManifest.xml:42:25-81
110                <action android:name="org.unifiedpush.android.connector.UNREGISTERED" />
110-->[org.unifiedpush.android:connector:3.0.10] AndroidManifest.xml:43:17-89
110-->[org.unifiedpush.android:connector:3.0.10] AndroidManifest.xml:43:25-86
111                <action android:name="org.unifiedpush.android.connector.NEW_ENDPOINT" />
111-->[org.unifiedpush.android:connector:3.0.10] AndroidManifest.xml:44:17-89
111-->[org.unifiedpush.android:connector:3.0.10] AndroidManifest.xml:44:25-86
112                <action android:name="org.unifiedpush.android.connector.REGISTRATION_FAILED" />
112-->[org.unifiedpush.android:connector:3.0.10] AndroidManifest.xml:45:17-96
112-->[org.unifiedpush.android:connector:3.0.10] AndroidManifest.xml:45:25-93
113            </intent-filter>
114        </receiver>
115    </application>
116
117</manifest>